# JRE version: OpenJDK Runtime Environment Temurin-17.0.11+9 (17.0.11+9) (build 17.0.11+9)
# Java VM: OpenJDK 64-Bit Server VM Temurin-17.0.11+9 (17.0.11+9, mixed mode, tiered, compressed oops, compressed class ptrs, g1 gc, bsd-amd64)
GC Precious Log:
 CPUs: 4 total, 4 available
 Memory: 16384M
 Large Page Support: Disabled
 NUMA Support: Disabled
 Compressed Oops: Enabled (Zero based)
 Heap Region Size: 2M
 Heap Min Capacity: 8M
 Heap Initial Capacity: 256M
 Heap Max Capacity: 3G
 Pre-touch: Disabled
 Parallel Workers: 4
 Concurrent Workers: 1
 Concurrent Refinement Workers: 4
 Periodic GC: Disabled
Heap:
 garbage-first heap   total 120832K, used 71147K [0x0000000740000000, 0x0000000800000000)
  region size 2048K, 6 young (12288K), 2 survivors (4096K)
 Metaspace       used 64248K, committed 64768K, reserved 1114112K
  class space    used 8455K, committed 8704K, reserved 1048576K
GC Heap History (20 events):
Event: 24.122 GC heap before
{Heap before GC invocations=15 (full 0):
 garbage-first heap   total 79872K, used 48830K [0x0000000740000000, 0x0000000800000000)
  region size 2048K, 7 young (14336K), 2 survivors (4096K)
 Metaspace       used 41111K, committed 41472K, reserved 1114112K
  class space    used 5435K, committed 5632K, reserved 1048576K
}
Event: 24.125 GC heap after
{Heap after GC invocations=16 (full 0):
 garbage-first heap   total 79872K, used 43388K [0x0000000740000000, 0x0000000800000000)
  region size 2048K, 1 young (2048K), 1 survivors (2048K)
 Metaspace       used 41111K, committed 41472K, reserved 1114112K
  class space    used 5435K, committed 5632K, reserved 1048576K
}
Event: 26.014 GC heap before
{Heap before GC invocations=17 (full 0):
 garbage-first heap   total 86016K, used 65916K [0x0000000740000000, 0x0000000800000000)
  region size 2048K, 10 young (20480K), 1 survivors (2048K)
 Metaspace       used 43443K, committed 43840K, reserved 1114112K
  class space    used 5695K, committed 5824K, reserved 1048576K
}
Event: 26.018 GC heap after
{Heap after GC invocations=18 (full 0):
 garbage-first heap   total 86016K, used 44100K [0x0000000740000000, 0x0000000800000000)
  region size 2048K, 2 young (4096K), 2 survivors (4096K)
 Metaspace       used 43443K, committed 43840K, reserved 1114112K
  class space    used 5695K, committed 5824K, reserved 1048576K
}
Event: 27.238 GC heap before
{Heap before GC invocations=18 (full 0):
 garbage-first heap   total 86016K, used 62532K [0x0000000740000000, 0x0000000800000000)
  region size 2048K, 12 young (24576K), 2 survivors (4096K)
 Metaspace       used 45198K, committed 45696K, reserved 1114112K
  class space    used 5963K, committed 6208K, reserved 1048576K
}
Event: 27.260 GC heap after
{Heap after GC invocations=19 (full 0):
 garbage-first heap   total 86016K, used 45734K [0x0000000740000000, 0x0000000800000000)
  region size 2048K, 2 young (4096K), 2 survivors (4096K)
 Metaspace       used 45198K, committed 45696K, reserved 1114112K
  class space    used 5963K, committed 6208K, reserved 1048576K
}
Event: 28.196 GC heap before
{Heap before GC invocations=20 (full 0):
 garbage-first heap   total 92160K, used 70310K [0x0000000740000000, 0x0000000800000000)
  region size 2048K, 12 young (24576K), 2 survivors (4096K)
 Metaspace       used 47043K, committed 47552K, reserved 1114112K
  class space    used 6090K, committed 6336K, reserved 1048576K
}
Event: 28.202 GC heap after
{Heap after GC invocations=21 (full 0):
 garbage-first heap   total 92160K, used 54102K [0x0000000740000000, 0x0000000800000000)
  region size 2048K, 2 young (4096K), 2 survivors (4096K)
 Metaspace       used 47043K, committed 47552K, reserved 1114112K
  class space    used 6090K, committed 6336K, reserved 1048576K
}
Event: 29.428 GC heap before
{Heap before GC invocations=21 (full 0):
 garbage-first heap   total 92160K, used 72534K [0x0000000740000000, 0x0000000800000000)
  region size 2048K, 11 young (22528K), 2 survivors (4096K)
 Metaspace       used 48308K, committed 48768K, reserved 1114112K
  class space    used 6295K, committed 6528K, reserved 1048576K
}
Event: 29.436 GC heap after
{Heap after GC invocations=22 (full 0):
 garbage-first heap   total 110592K, used 55426K [0x0000000740000000, 0x0000000800000000)
  region size 2048K, 1 young (2048K), 1 survivors (2048K)
 Metaspace       used 48308K, committed 48768K, reserved 1114112K
  class space    used 6295K, committed 6528K, reserved 1048576K
}
Event: 31.865 GC heap before
{Heap before GC invocations=23 (full 0):
 garbage-first heap   total 110592K, used 84098K [0x0000000740000000, 0x0000000800000000)
  region size 2048K, 16 young (32768K), 1 survivors (2048K)
 Metaspace       used 54698K, committed 55168K, reserved 1114112K
  class space    used 7115K, committed 7360K, reserved 1048576K
}
Event: 31.873 GC heap after
{Heap after GC invocations=24 (full 0):
 garbage-first heap   total 110592K, used 58720K [0x0000000740000000, 0x0000000800000000)
  region size 2048K, 2 young (4096K), 2 survivors (4096K)
 Metaspace       used 54698K, committed 55168K, reserved 1114112K
  class space    used 7115K, committed 7360K, reserved 1048576K
}
Event: 34.643 GC heap before
{Heap before GC invocations=24 (full 0):
 garbage-first heap   total 110592K, used 87392K [0x0000000740000000, 0x0000000800000000)
  region size 2048K, 16 young (32768K), 2 survivors (4096K)
 Metaspace       used 57535K, committed 58048K, reserved 1114112K
  class space    used 7571K, committed 7808K, reserved 1048576K
}
Event: 34.652 GC heap after
{Heap after GC invocations=25 (full 0):
 garbage-first heap   total 110592K, used 61292K [0x0000000740000000, 0x0000000800000000)
  region size 2048K, 2 young (4096K), 2 survivors (4096K)
 Metaspace       used 57535K, committed 58048K, reserved 1114112K
  class space    used 7571K, committed 7808K, reserved 1048576K
}
Event: 38.741 GC heap before
{Heap before GC invocations=26 (full 0):
 garbage-first heap   total 110592K, used 87916K [0x0000000740000000, 0x0000000800000000)
  region size 2048K, 15 young (30720K), 2 survivors (4096K)
 Metaspace       used 61518K, committed 62016K, reserved 1114112K
  class space    used 8105K, committed 8320K, reserved 1048576K
}
Event: 38.747 GC heap after
{Heap after GC invocations=27 (full 0):
 garbage-first heap   total 110592K, used 63267K [0x0000000740000000, 0x0000000800000000)
  region size 2048K, 1 young (2048K), 1 survivors (2048K)
 Metaspace       used 61518K, committed 62016K, reserved 1114112K
  class space    used 8105K, committed 8320K, reserved 1048576K
}
Event: 39.730 GC heap before
{Heap before GC invocations=27 (full 0):
 garbage-first heap   total 110592K, used 65315K [0x0000000740000000, 0x0000000800000000)
  region size 2048K, 2 young (4096K), 1 survivors (2048K)
 Metaspace       used 61704K, committed 62208K, reserved 1114112K
  class space    used 8116K, committed 8320K, reserved 1048576K
}
Event: 39.736 GC heap after
{Heap after GC invocations=28 (full 0):
 garbage-first heap   total 110592K, used 63214K [0x0000000740000000, 0x0000000800000000)
  region size 2048K, 1 young (2048K), 1 survivors (2048K)
 Metaspace       used 61704K, committed 62208K, reserved 1114112K
  class space    used 8116K, committed 8320K, reserved 1048576K
}
Event: 41.415 GC heap before
{Heap before GC invocations=28 (full 0):
 garbage-first heap   total 110592K, used 87790K [0x0000000740000000, 0x0000000800000000)
  region size 2048K, 13 young (26624K), 1 survivors (2048K)
 Metaspace       used 63321K, committed 63872K, reserved 1114112K
  class space    used 8358K, committed 8576K, reserved 1048576K
}
Event: 41.436 GC heap after
{Heap after GC invocations=29 (full 0):
 garbage-first heap   total 110592K, used 65003K [0x0000000740000000, 0x0000000800000000)
  region size 2048K, 2 young (4096K), 2 survivors (4096K)
 Metaspace       used 63321K, committed 63872K, reserved 1114112K
  class space    used 8358K, committed 8576K, reserved 1048576K
}

